[2025-12-16 10:33:55] [SUCCESS] User admin@travel.com logged in from ::1
[2025-12-16 13:59:56] [SUCCESS] User admin@travel.com logged out
[2025-12-16 14:00:08] [SUCCESS] User minhanh.le@email.com logged in from 127.0.0.1
[2025-12-16 15:48:01] [SUCCESS] User minhanh.le@email.com logged out
[2025-12-16 15:48:08] [SUCCESS] User admin@travel.com logged in from ::1
[2025-12-16 16:27:49] [SUCCESS] User admin@travel.com logged out
[2025-12-16 16:30:57] [SUCCESS] User admin@travel.com logged in from ::1
[2025-12-16 16:54:21] [SUCCESS] User admin@travel.com logged out
[2025-12-16 16:54:25] [ERROR] Failed login attempt for email: admin@homestay.com | {"ip":"::1"}
[2025-12-16 16:54:34] [ERROR] Failed login attempt for email: admin@travel.com | {"ip":"::1"}
[2025-12-16 16:54:37] [SUCCESS] User admin@travel.com logged in from ::1
[2025-12-16 16:59:35] [SUCCESS] User admin@travel.com logged out
[2025-12-16 17:01:57] [SUCCESS] User admin@travel.com logged in from ::1
[2025-12-16 17:03:34] [SUCCESS] User admin@travel.com logged out
[2025-12-16 17:10:56] [SUCCESS] User admin@travel.com logged in from ::1
[2025-12-16 17:30:41] [SUCCESS] User admin@travel.com logged out
[2025-12-16 17:30:45] [SUCCESS] User minhanh.le@email.com logged in from ::1
[2025-12-16 18:25:59] [SUCCESS] User minhanh.le@email.com logged out
[2025-12-16 18:26:03] [SUCCESS] User admin@travel.com logged in from ::1
[2025-12-16 18:44:23] [SUCCESS] User admin@travel.com logged out
[2025-12-16 18:44:26] [SUCCESS] User minhanh.le@email.com logged in from ::1
[2025-12-16 19:01:51] [SUCCESS] User minhanh.le@email.com logged out
[2025-12-16 19:01:55] [SUCCESS] User admin@travel.com logged in from ::1
[2025-12-16 19:02:26] [SUCCESS] User admin@travel.com logged out
[2025-12-16 19:02:31] [SUCCESS] User minhanh.le@email.com logged in from ::1
[2025-12-16 20:19:18] [SUCCESS] User minhanh.le@email.com logged out
[2025-12-16 20:19:23] [SUCCESS] User minhanh.le@email.com logged in from ::1
[2025-12-16 20:19:26] [SUCCESS] User minhanh.le@email.com logged out
[2025-12-16 20:19:30] [SUCCESS] User admin@travel.com logged in from ::1
[2025-12-16 22:45:09] [SUCCESS] User admin@travel.com logged in from ::1
[2025-12-16 23:02:57] [SUCCESS] User admin@travel.com logged out
[2025-12-16 23:03:02] [SUCCESS] User minhanh.le@email.com logged in from ::1
[2025-12-16 23:12:59] [SUCCESS] User minhanh.le@email.com logged out
[2025-12-16 23:13:07] [SUCCESS] User admin@travel.com logged in from ::1
