[14-Dec-2025 23:02:32 Asia/Ho_Chi_Minh] PHP Warning:  mysqli::__construct(): Error while reading greeting packet. PID=1000 in C:\xampp\htdocs\web_du_lich\config\database.php on line 14
[14-Dec-2025 23:02:32 Asia/Ho_Chi_Minh] PHP Warning:  mysqli::__construct(): (HY000/2006): MySQL server has gone away in C:\xampp\htdocs\web_du_lich\config\database.php on line 14
[15-Dec-2025 18:36:46 Asia/Ho_Chi_Minh] PHP Fatal error:  Uncaught Error: Call to undefined function formatDate() in C:\xampp\htdocs\web_du_lich\user\tim_kiem_chuyenbay.php:57
Stack trace:
#0 {main}
  thrown in C:\xampp\htdocs\web_du_lich\user\tim_kiem_chuyenbay.php on line 57
[15-Dec-2025 18:37:04 Asia/Ho_Chi_Minh] PHP Fatal error:  Uncaught Error: Call to undefined function formatDate() in C:\xampp\htdocs\web_du_lich\user\tim_kiem_chuyenbay.php:57
Stack trace:
#0 {main}
  thrown in C:\xampp\htdocs\web_du_lich\user\tim_kiem_chuyenbay.php on line 57
[15-Dec-2025 18:37:13 Asia/Ho_Chi_Minh] PHP Fatal error:  Uncaught Error: Call to undefined function formatDate() in C:\xampp\htdocs\web_du_lich\user\tim_kiem_chuyenbay.php:57
Stack trace:
#0 {main}
  thrown in C:\xampp\htdocs\web_du_lich\user\tim_kiem_chuyenbay.php on line 57
[15-Dec-2025 22:18:00 Asia/Ho_Chi_Minh] PHP Warning:  include(components/sidebar.php): Failed to open stream: No such file or directory in C:\xampp\htdocs\web_du_lich\admin\dashboard.php on line 98
[15-Dec-2025 22:18:00 Asia/Ho_Chi_Minh] PHP Warning:  include(): Failed opening 'components/sidebar.php' for inclusion (include_path='C:\xampp\php\PEAR') in C:\xampp\htdocs\web_du_lich\admin\dashboard.php on line 98
[15-Dec-2025 22:18:00 Asia/Ho_Chi_Minh] PHP Warning:  include(components/header.php): Failed to open stream: No such file or directory in C:\xampp\htdocs\web_du_lich\admin\dashboard.php on line 101
[15-Dec-2025 22:18:00 Asia/Ho_Chi_Minh] PHP Warning:  include(): Failed opening 'components/header.php' for inclusion (include_path='C:\xampp\php\PEAR') in C:\xampp\htdocs\web_du_lich\admin\dashboard.php on line 101
[15-Dec-2025 22:22:21 Asia/Ho_Chi_Minh] PHP Warning:  include(components/sidebar.php): Failed to open stream: No such file or directory in C:\xampp\htdocs\web_du_lich\admin\dashboard.php on line 99
[15-Dec-2025 22:22:21 Asia/Ho_Chi_Minh] PHP Warning:  include(): Failed opening 'components/sidebar.php' for inclusion (include_path='C:\xampp\php\PEAR') in C:\xampp\htdocs\web_du_lich\admin\dashboard.php on line 99
[15-Dec-2025 22:22:21 Asia/Ho_Chi_Minh] PHP Warning:  include(components/header.php): Failed to open stream: No such file or directory in C:\xampp\htdocs\web_du_lich\admin\dashboard.php on line 102
[15-Dec-2025 22:22:21 Asia/Ho_Chi_Minh] PHP Warning:  include(): Failed opening 'components/header.php' for inclusion (include_path='C:\xampp\php\PEAR') in C:\xampp\htdocs\web_du_lich\admin\dashboard.php on line 102
[15-Dec-2025 22:22:22 Asia/Ho_Chi_Minh] PHP Warning:  include(components/sidebar.php): Failed to open stream: No such file or directory in C:\xampp\htdocs\web_du_lich\admin\dashboard.php on line 99
[15-Dec-2025 22:22:22 Asia/Ho_Chi_Minh] PHP Warning:  include(): Failed opening 'components/sidebar.php' for inclusion (include_path='C:\xampp\php\PEAR') in C:\xampp\htdocs\web_du_lich\admin\dashboard.php on line 99
[15-Dec-2025 22:22:22 Asia/Ho_Chi_Minh] PHP Warning:  include(components/header.php): Failed to open stream: No such file or directory in C:\xampp\htdocs\web_du_lich\admin\dashboard.php on line 102
[15-Dec-2025 22:22:22 Asia/Ho_Chi_Minh] PHP Warning:  include(): Failed opening 'components/header.php' for inclusion (include_path='C:\xampp\php\PEAR') in C:\xampp\htdocs\web_du_lich\admin\dashboard.php on line 102
[15-Dec-2025 22:22:33 Asia/Ho_Chi_Minh] PHP Warning:  include(components/sidebar.php): Failed to open stream: No such file or directory in C:\xampp\htdocs\web_du_lich\admin\dashboard.php on line 99
[15-Dec-2025 22:22:33 Asia/Ho_Chi_Minh] PHP Warning:  include(): Failed opening 'components/sidebar.php' for inclusion (include_path='C:\xampp\php\PEAR') in C:\xampp\htdocs\web_du_lich\admin\dashboard.php on line 99
[15-Dec-2025 22:22:33 Asia/Ho_Chi_Minh] PHP Warning:  include(components/header.php): Failed to open stream: No such file or directory in C:\xampp\htdocs\web_du_lich\admin\dashboard.php on line 102
[15-Dec-2025 22:22:33 Asia/Ho_Chi_Minh] PHP Warning:  include(): Failed opening 'components/header.php' for inclusion (include_path='C:\xampp\php\PEAR') in C:\xampp\htdocs\web_du_lich\admin\dashboard.php on line 102
[15-Dec-2025 22:35:06 Asia/Ho_Chi_Minh] PHP Warning:  include(components/sidebar.php): Failed to open stream: No such file or directory in C:\xampp\htdocs\web_du_lich\admin\dashboard.php on line 99
[15-Dec-2025 22:35:06 Asia/Ho_Chi_Minh] PHP Warning:  include(): Failed opening 'components/sidebar.php' for inclusion (include_path='C:\xampp\php\PEAR') in C:\xampp\htdocs\web_du_lich\admin\dashboard.php on line 99
[15-Dec-2025 22:35:06 Asia/Ho_Chi_Minh] PHP Warning:  include(components/header.php): Failed to open stream: No such file or directory in C:\xampp\htdocs\web_du_lich\admin\dashboard.php on line 102
[15-Dec-2025 22:35:06 Asia/Ho_Chi_Minh] PHP Warning:  include(): Failed opening 'components/header.php' for inclusion (include_path='C:\xampp\php\PEAR') in C:\xampp\htdocs\web_du_lich\admin\dashboard.php on line 102
[15-Dec-2025 22:35:07 Asia/Ho_Chi_Minh] PHP Warning:  include(components/sidebar.php): Failed to open stream: No such file or directory in C:\xampp\htdocs\web_du_lich\admin\dashboard.php on line 99
[15-Dec-2025 22:35:07 Asia/Ho_Chi_Minh] PHP Warning:  include(): Failed opening 'components/sidebar.php' for inclusion (include_path='C:\xampp\php\PEAR') in C:\xampp\htdocs\web_du_lich\admin\dashboard.php on line 99
[15-Dec-2025 22:35:07 Asia/Ho_Chi_Minh] PHP Warning:  include(components/header.php): Failed to open stream: No such file or directory in C:\xampp\htdocs\web_du_lich\admin\dashboard.php on line 102
[15-Dec-2025 22:35:07 Asia/Ho_Chi_Minh] PHP Warning:  include(): Failed opening 'components/header.php' for inclusion (include_path='C:\xampp\php\PEAR') in C:\xampp\htdocs\web_du_lich\admin\dashboard.php on line 102
[15-Dec-2025 22:37:28 Asia/Ho_Chi_Minh] PHP Warning:  include(components/sidebar.php): Failed to open stream: No such file or directory in C:\xampp\htdocs\web_du_lich\admin\dashboard.php on line 99
[15-Dec-2025 22:37:28 Asia/Ho_Chi_Minh] PHP Warning:  include(): Failed opening 'components/sidebar.php' for inclusion (include_path='C:\xampp\php\PEAR') in C:\xampp\htdocs\web_du_lich\admin\dashboard.php on line 99
[15-Dec-2025 22:37:28 Asia/Ho_Chi_Minh] PHP Warning:  include(components/header.php): Failed to open stream: No such file or directory in C:\xampp\htdocs\web_du_lich\admin\dashboard.php on line 102
[15-Dec-2025 22:37:28 Asia/Ho_Chi_Minh] PHP Warning:  include(): Failed opening 'components/header.php' for inclusion (include_path='C:\xampp\php\PEAR') in C:\xampp\htdocs\web_du_lich\admin\dashboard.php on line 102
[15-Dec-2025 22:49:55 Asia/Ho_Chi_Minh] PHP Warning:  Undefined array key "total_items" in C:\xampp\htdocs\web_du_lich\admin\qly_booking.php on line 387
[15-Dec-2025 22:49:55 Asia/Ho_Chi_Minh] PHP Warning:  Undefined array key "total_items" in C:\xampp\htdocs\web_du_lich\admin\qly_booking.php on line 387
[15-Dec-2025 22:49:55 Asia/Ho_Chi_Minh] PHP Warning:  Undefined array key "total_items" in C:\xampp\htdocs\web_du_lich\admin\qly_booking.php on line 387
[15-Dec-2025 22:49:55 Asia/Ho_Chi_Minh] PHP Warning:  Undefined array key "current_page" in C:\xampp\htdocs\web_du_lich\admin\qly_booking.php on line 401
[15-Dec-2025 22:50:00 Asia/Ho_Chi_Minh] PHP Warning:  Undefined array key "total_items" in C:\xampp\htdocs\web_du_lich\admin\qly_booking.php on line 387
[15-Dec-2025 22:50:00 Asia/Ho_Chi_Minh] PHP Warning:  Undefined array key "total_items" in C:\xampp\htdocs\web_du_lich\admin\qly_booking.php on line 387
[15-Dec-2025 22:50:00 Asia/Ho_Chi_Minh] PHP Warning:  Undefined array key "total_items" in C:\xampp\htdocs\web_du_lich\admin\qly_booking.php on line 387
[15-Dec-2025 22:50:00 Asia/Ho_Chi_Minh] PHP Warning:  Undefined array key "current_page" in C:\xampp\htdocs\web_du_lich\admin\qly_booking.php on line 401
[15-Dec-2025 22:50:01 Asia/Ho_Chi_Minh] PHP Warning:  Undefined array key "total_items" in C:\xampp\htdocs\web_du_lich\admin\qly_booking.php on line 387
[15-Dec-2025 22:50:02 Asia/Ho_Chi_Minh] PHP Warning:  Undefined array key "total_items" in C:\xampp\htdocs\web_du_lich\admin\qly_booking.php on line 387
[15-Dec-2025 22:50:02 Asia/Ho_Chi_Minh] PHP Warning:  Undefined array key "total_items" in C:\xampp\htdocs\web_du_lich\admin\qly_booking.php on line 387
[15-Dec-2025 22:50:02 Asia/Ho_Chi_Minh] PHP Warning:  Undefined array key "current_page" in C:\xampp\htdocs\web_du_lich\admin\qly_booking.php on line 401
[15-Dec-2025 22:50:04 Asia/Ho_Chi_Minh] PHP Warning:  Undefined array key "total_items" in C:\xampp\htdocs\web_du_lich\admin\qly_booking.php on line 387
[15-Dec-2025 22:50:04 Asia/Ho_Chi_Minh] PHP Warning:  Undefined array key "total_items" in C:\xampp\htdocs\web_du_lich\admin\qly_booking.php on line 387
[15-Dec-2025 22:50:04 Asia/Ho_Chi_Minh] PHP Warning:  Undefined array key "total_items" in C:\xampp\htdocs\web_du_lich\admin\qly_booking.php on line 387
[15-Dec-2025 22:50:07 Asia/Ho_Chi_Minh] PHP Warning:  Undefined array key "total_items" in C:\xampp\htdocs\web_du_lich\admin\qly_booking.php on line 387
[15-Dec-2025 22:50:07 Asia/Ho_Chi_Minh] PHP Warning:  Undefined array key "total_items" in C:\xampp\htdocs\web_du_lich\admin\qly_booking.php on line 387
[15-Dec-2025 22:50:07 Asia/Ho_Chi_Minh] PHP Warning:  Undefined array key "total_items" in C:\xampp\htdocs\web_du_lich\admin\qly_booking.php on line 387
[15-Dec-2025 22:50:07 Asia/Ho_Chi_Minh] PHP Warning:  Undefined array key "current_page" in C:\xampp\htdocs\web_du_lich\admin\qly_booking.php on line 401
[15-Dec-2025 22:50:15 Asia/Ho_Chi_Minh] PHP Warning:  Undefined array key "total_items" in C:\xampp\htdocs\web_du_lich\admin\qly_booking.php on line 387
[15-Dec-2025 22:50:15 Asia/Ho_Chi_Minh] PHP Warning:  Undefined array key "total_items" in C:\xampp\htdocs\web_du_lich\admin\qly_booking.php on line 387
[15-Dec-2025 22:50:15 Asia/Ho_Chi_Minh] PHP Warning:  Undefined array key "total_items" in C:\xampp\htdocs\web_du_lich\admin\qly_booking.php on line 387
[15-Dec-2025 22:50:15 Asia/Ho_Chi_Minh] PHP Warning:  Undefined array key "current_page" in C:\xampp\htdocs\web_du_lich\admin\qly_booking.php on line 401
[15-Dec-2025 22:50:21 Asia/Ho_Chi_Minh] PHP Warning:  Undefined array key "total_items" in C:\xampp\htdocs\web_du_lich\admin\qly_booking.php on line 387
[15-Dec-2025 22:50:21 Asia/Ho_Chi_Minh] PHP Warning:  Undefined array key "total_items" in C:\xampp\htdocs\web_du_lich\admin\qly_booking.php on line 387
[15-Dec-2025 22:50:21 Asia/Ho_Chi_Minh] PHP Warning:  Undefined array key "total_items" in C:\xampp\htdocs\web_du_lich\admin\qly_booking.php on line 387
[15-Dec-2025 22:50:21 Asia/Ho_Chi_Minh] PHP Warning:  Undefined array key "current_page" in C:\xampp\htdocs\web_du_lich\admin\qly_booking.php on line 401
[15-Dec-2025 22:50:26 Asia/Ho_Chi_Minh] PHP Warning:  Undefined array key "total_items" in C:\xampp\htdocs\web_du_lich\admin\qly_booking.php on line 387
[15-Dec-2025 22:50:26 Asia/Ho_Chi_Minh] PHP Warning:  Undefined array key "total_items" in C:\xampp\htdocs\web_du_lich\admin\qly_booking.php on line 387
[15-Dec-2025 22:50:26 Asia/Ho_Chi_Minh] PHP Warning:  Undefined array key "total_items" in C:\xampp\htdocs\web_du_lich\admin\qly_booking.php on line 387
[15-Dec-2025 22:50:29 Asia/Ho_Chi_Minh] PHP Warning:  Undefined array key "total_items" in C:\xampp\htdocs\web_du_lich\admin\qly_booking.php on line 387
[15-Dec-2025 22:50:29 Asia/Ho_Chi_Minh] PHP Warning:  Undefined array key "total_items" in C:\xampp\htdocs\web_du_lich\admin\qly_booking.php on line 387
[15-Dec-2025 22:50:29 Asia/Ho_Chi_Minh] PHP Warning:  Undefined array key "total_items" in C:\xampp\htdocs\web_du_lich\admin\qly_booking.php on line 387
[15-Dec-2025 22:50:29 Asia/Ho_Chi_Minh] PHP Warning:  Undefined array key "current_page" in C:\xampp\htdocs\web_du_lich\admin\qly_booking.php on line 401
[15-Dec-2025 22:50:41 Asia/Ho_Chi_Minh] PHP Warning:  Undefined array key "total_items" in C:\xampp\htdocs\web_du_lich\admin\qly_booking.php on line 387
[15-Dec-2025 22:50:41 Asia/Ho_Chi_Minh] PHP Warning:  Undefined array key "total_items" in C:\xampp\htdocs\web_du_lich\admin\qly_booking.php on line 387
[15-Dec-2025 22:50:41 Asia/Ho_Chi_Minh] PHP Warning:  Undefined array key "total_items" in C:\xampp\htdocs\web_du_lich\admin\qly_booking.php on line 387
[15-Dec-2025 22:50:41 Asia/Ho_Chi_Minh] PHP Warning:  Undefined array key "current_page" in C:\xampp\htdocs\web_du_lich\admin\qly_booking.php on line 401
[15-Dec-2025 22:56:31 Asia/Ho_Chi_Minh] PHP Warning:  Undefined array key "total_items" in C:\xampp\htdocs\web_du_lich\admin\qly_booking.php on line 387
[15-Dec-2025 22:56:31 Asia/Ho_Chi_Minh] PHP Warning:  Undefined array key "total_items" in C:\xampp\htdocs\web_du_lich\admin\qly_booking.php on line 387
[15-Dec-2025 22:56:31 Asia/Ho_Chi_Minh] PHP Warning:  Undefined array key "total_items" in C:\xampp\htdocs\web_du_lich\admin\qly_booking.php on line 387
[15-Dec-2025 22:56:31 Asia/Ho_Chi_Minh] PHP Warning:  Undefined array key "current_page" in C:\xampp\htdocs\web_du_lich\admin\qly_booking.php on line 401
[15-Dec-2025 22:58:12 Asia/Ho_Chi_Minh] PHP Warning:  Undefined array key "total_items" in C:\xampp\htdocs\web_du_lich\admin\qly_booking.php on line 387
[15-Dec-2025 22:58:12 Asia/Ho_Chi_Minh] PHP Warning:  Undefined array key "total_items" in C:\xampp\htdocs\web_du_lich\admin\qly_booking.php on line 387
[15-Dec-2025 22:58:12 Asia/Ho_Chi_Minh] PHP Warning:  Undefined array key "total_items" in C:\xampp\htdocs\web_du_lich\admin\qly_booking.php on line 387
[15-Dec-2025 22:58:12 Asia/Ho_Chi_Minh] PHP Warning:  Undefined array key "current_page" in C:\xampp\htdocs\web_du_lich\admin\qly_booking.php on line 401
[15-Dec-2025 22:58:25 Asia/Ho_Chi_Minh] PHP Warning:  Undefined array key "total_items" in C:\xampp\htdocs\web_du_lich\admin\qly_booking.php on line 387
[15-Dec-2025 22:58:25 Asia/Ho_Chi_Minh] PHP Warning:  Undefined array key "total_items" in C:\xampp\htdocs\web_du_lich\admin\qly_booking.php on line 387
[15-Dec-2025 22:58:25 Asia/Ho_Chi_Minh] PHP Warning:  Undefined array key "total_items" in C:\xampp\htdocs\web_du_lich\admin\qly_booking.php on line 387
[15-Dec-2025 22:58:25 Asia/Ho_Chi_Minh] PHP Warning:  Undefined array key "current_page" in C:\xampp\htdocs\web_du_lich\admin\qly_booking.php on line 401
[15-Dec-2025 22:58:54 Asia/Ho_Chi_Minh] PHP Warning:  Undefined array key "total_items" in C:\xampp\htdocs\web_du_lich\admin\qly_booking.php on line 356
[15-Dec-2025 22:58:54 Asia/Ho_Chi_Minh] PHP Warning:  Undefined array key "total_items" in C:\xampp\htdocs\web_du_lich\admin\qly_booking.php on line 356
[15-Dec-2025 22:58:54 Asia/Ho_Chi_Minh] PHP Warning:  Undefined array key "total_items" in C:\xampp\htdocs\web_du_lich\admin\qly_booking.php on line 356
[15-Dec-2025 22:58:54 Asia/Ho_Chi_Minh] PHP Warning:  Undefined array key "current_page" in C:\xampp\htdocs\web_du_lich\admin\qly_booking.php on line 370
[15-Dec-2025 22:58:58 Asia/Ho_Chi_Minh] PHP Warning:  Undefined array key "total_items" in C:\xampp\htdocs\web_du_lich\admin\qly_booking.php on line 356
[15-Dec-2025 22:58:58 Asia/Ho_Chi_Minh] PHP Warning:  Undefined array key "total_items" in C:\xampp\htdocs\web_du_lich\admin\qly_booking.php on line 356
[15-Dec-2025 22:58:58 Asia/Ho_Chi_Minh] PHP Warning:  Undefined array key "total_items" in C:\xampp\htdocs\web_du_lich\admin\qly_booking.php on line 356
[15-Dec-2025 22:58:58 Asia/Ho_Chi_Minh] PHP Warning:  Undefined array key "current_page" in C:\xampp\htdocs\web_du_lich\admin\qly_booking.php on line 370
[15-Dec-2025 22:58:59 Asia/Ho_Chi_Minh] PHP Warning:  Undefined array key "total_items" in C:\xampp\htdocs\web_du_lich\admin\qly_booking.php on line 356
[15-Dec-2025 22:58:59 Asia/Ho_Chi_Minh] PHP Warning:  Undefined array key "total_items" in C:\xampp\htdocs\web_du_lich\admin\qly_booking.php on line 356
[15-Dec-2025 22:58:59 Asia/Ho_Chi_Minh] PHP Warning:  Undefined array key "total_items" in C:\xampp\htdocs\web_du_lich\admin\qly_booking.php on line 356
[15-Dec-2025 22:58:59 Asia/Ho_Chi_Minh] PHP Warning:  Undefined array key "current_page" in C:\xampp\htdocs\web_du_lich\admin\qly_booking.php on line 370
[15-Dec-2025 22:59:01 Asia/Ho_Chi_Minh] PHP Warning:  Undefined array key "total_items" in C:\xampp\htdocs\web_du_lich\admin\qly_booking.php on line 356
[15-Dec-2025 22:59:01 Asia/Ho_Chi_Minh] PHP Warning:  Undefined array key "total_items" in C:\xampp\htdocs\web_du_lich\admin\qly_booking.php on line 356
[15-Dec-2025 22:59:01 Asia/Ho_Chi_Minh] PHP Warning:  Undefined array key "total_items" in C:\xampp\htdocs\web_du_lich\admin\qly_booking.php on line 356
[15-Dec-2025 22:59:01 Asia/Ho_Chi_Minh] PHP Warning:  Undefined array key "current_page" in C:\xampp\htdocs\web_du_lich\admin\qly_booking.php on line 370
[15-Dec-2025 22:59:16 Asia/Ho_Chi_Minh] PHP Warning:  Undefined array key "total_items" in C:\xampp\htdocs\web_du_lich\admin\qly_booking.php on line 356
[15-Dec-2025 22:59:16 Asia/Ho_Chi_Minh] PHP Warning:  Undefined array key "total_items" in C:\xampp\htdocs\web_du_lich\admin\qly_booking.php on line 356
[15-Dec-2025 22:59:16 Asia/Ho_Chi_Minh] PHP Warning:  Undefined array key "total_items" in C:\xampp\htdocs\web_du_lich\admin\qly_booking.php on line 356
[15-Dec-2025 22:59:16 Asia/Ho_Chi_Minh] PHP Warning:  Undefined array key "current_page" in C:\xampp\htdocs\web_du_lich\admin\qly_booking.php on line 370
[15-Dec-2025 23:09:00 Asia/Ho_Chi_Minh] PHP Warning:  Undefined array key "total_items" in C:\xampp\htdocs\web_du_lich\admin\qly_booking.php on line 356
[15-Dec-2025 23:09:00 Asia/Ho_Chi_Minh] PHP Warning:  Undefined array key "total_items" in C:\xampp\htdocs\web_du_lich\admin\qly_booking.php on line 356
[15-Dec-2025 23:09:00 Asia/Ho_Chi_Minh] PHP Warning:  Undefined array key "total_items" in C:\xampp\htdocs\web_du_lich\admin\qly_booking.php on line 356
[15-Dec-2025 23:09:00 Asia/Ho_Chi_Minh] PHP Warning:  Undefined array key "current_page" in C:\xampp\htdocs\web_du_lich\admin\qly_booking.php on line 370
[15-Dec-2025 23:09:06 Asia/Ho_Chi_Minh] PHP Warning:  Undefined array key "total_items" in C:\xampp\htdocs\web_du_lich\admin\qly_booking.php on line 356
[15-Dec-2025 23:09:06 Asia/Ho_Chi_Minh] PHP Warning:  Undefined array key "total_items" in C:\xampp\htdocs\web_du_lich\admin\qly_booking.php on line 356
[15-Dec-2025 23:09:06 Asia/Ho_Chi_Minh] PHP Warning:  Undefined array key "total_items" in C:\xampp\htdocs\web_du_lich\admin\qly_booking.php on line 356
[15-Dec-2025 23:09:06 Asia/Ho_Chi_Minh] PHP Warning:  Undefined array key "current_page" in C:\xampp\htdocs\web_du_lich\admin\qly_booking.php on line 370
[15-Dec-2025 23:10:55 Asia/Ho_Chi_Minh] PHP Warning:  Undefined array key "total_items" in C:\xampp\htdocs\web_du_lich\admin\qly_booking.php on line 356
[15-Dec-2025 23:10:55 Asia/Ho_Chi_Minh] PHP Warning:  Undefined array key "total_items" in C:\xampp\htdocs\web_du_lich\admin\qly_booking.php on line 356
[15-Dec-2025 23:10:55 Asia/Ho_Chi_Minh] PHP Warning:  Undefined array key "total_items" in C:\xampp\htdocs\web_du_lich\admin\qly_booking.php on line 356
[15-Dec-2025 23:10:55 Asia/Ho_Chi_Minh] PHP Warning:  Undefined array key "current_page" in C:\xampp\htdocs\web_du_lich\admin\qly_booking.php on line 370
[15-Dec-2025 23:11:38 Asia/Ho_Chi_Minh] PHP Warning:  Undefined array key "total_items" in C:\xampp\htdocs\web_du_lich\admin\qly_booking.php on line 356
[15-Dec-2025 23:11:38 Asia/Ho_Chi_Minh] PHP Warning:  Undefined array key "total_items" in C:\xampp\htdocs\web_du_lich\admin\qly_booking.php on line 356
[15-Dec-2025 23:11:38 Asia/Ho_Chi_Minh] PHP Warning:  Undefined array key "total_items" in C:\xampp\htdocs\web_du_lich\admin\qly_booking.php on line 356
[15-Dec-2025 23:11:38 Asia/Ho_Chi_Minh] PHP Warning:  Undefined array key "current_page" in C:\xampp\htdocs\web_du_lich\admin\qly_booking.php on line 370
[15-Dec-2025 23:32:52 Asia/Ho_Chi_Minh] PHP Warning:  Undefined array key "total_items" in C:\xampp\htdocs\web_du_lich\admin\qly_booking.php on line 356
[15-Dec-2025 23:32:52 Asia/Ho_Chi_Minh] PHP Warning:  Undefined array key "total_items" in C:\xampp\htdocs\web_du_lich\admin\qly_booking.php on line 356
[15-Dec-2025 23:32:52 Asia/Ho_Chi_Minh] PHP Warning:  Undefined array key "total_items" in C:\xampp\htdocs\web_du_lich\admin\qly_booking.php on line 356
[15-Dec-2025 23:32:52 Asia/Ho_Chi_Minh] PHP Warning:  Undefined array key "current_page" in C:\xampp\htdocs\web_du_lich\admin\qly_booking.php on line 370
[15-Dec-2025 23:36:24 Asia/Ho_Chi_Minh] PHP Warning:  Undefined array key "total_items" in C:\xampp\htdocs\web_du_lich\admin\qly_booking.php on line 356
[15-Dec-2025 23:36:24 Asia/Ho_Chi_Minh] PHP Warning:  Undefined array key "total_items" in C:\xampp\htdocs\web_du_lich\admin\qly_booking.php on line 356
[15-Dec-2025 23:36:24 Asia/Ho_Chi_Minh] PHP Warning:  Undefined array key "total_items" in C:\xampp\htdocs\web_du_lich\admin\qly_booking.php on line 356
[15-Dec-2025 23:36:24 Asia/Ho_Chi_Minh] PHP Warning:  Undefined array key "current_page" in C:\xampp\htdocs\web_du_lich\admin\qly_booking.php on line 370
[15-Dec-2025 23:36:46 Asia/Ho_Chi_Minh] PHP Warning:  Undefined array key "total_items" in C:\xampp\htdocs\web_du_lich\admin\qly_booking.php on line 356
[15-Dec-2025 23:36:46 Asia/Ho_Chi_Minh] PHP Warning:  Undefined array key "total_items" in C:\xampp\htdocs\web_du_lich\admin\qly_booking.php on line 356
[15-Dec-2025 23:36:46 Asia/Ho_Chi_Minh] PHP Warning:  Undefined array key "total_items" in C:\xampp\htdocs\web_du_lich\admin\qly_booking.php on line 356
[15-Dec-2025 23:36:46 Asia/Ho_Chi_Minh] PHP Warning:  Undefined array key "current_page" in C:\xampp\htdocs\web_du_lich\admin\qly_booking.php on line 370
[16-Dec-2025 00:01:35 Asia/Ho_Chi_Minh] PHP Warning:  Undefined array key "total_items" in C:\xampp\htdocs\web_du_lich\admin\qly_booking.php on line 356
[16-Dec-2025 00:01:35 Asia/Ho_Chi_Minh] PHP Warning:  Undefined array key "total_items" in C:\xampp\htdocs\web_du_lich\admin\qly_booking.php on line 356
[16-Dec-2025 00:01:35 Asia/Ho_Chi_Minh] PHP Warning:  Undefined array key "total_items" in C:\xampp\htdocs\web_du_lich\admin\qly_booking.php on line 356
[16-Dec-2025 00:01:35 Asia/Ho_Chi_Minh] PHP Warning:  Undefined array key "current_page" in C:\xampp\htdocs\web_du_lich\admin\qly_booking.php on line 370
[16-Dec-2025 00:01:40 Asia/Ho_Chi_Minh] PHP Warning:  Undefined array key "total_items" in C:\xampp\htdocs\web_du_lich\admin\qly_booking.php on line 356
[16-Dec-2025 00:01:40 Asia/Ho_Chi_Minh] PHP Warning:  Undefined array key "total_items" in C:\xampp\htdocs\web_du_lich\admin\qly_booking.php on line 356
[16-Dec-2025 00:01:40 Asia/Ho_Chi_Minh] PHP Warning:  Undefined array key "total_items" in C:\xampp\htdocs\web_du_lich\admin\qly_booking.php on line 356
[16-Dec-2025 00:01:40 Asia/Ho_Chi_Minh] PHP Warning:  Undefined array key "current_page" in C:\xampp\htdocs\web_du_lich\admin\qly_booking.php on line 370
[16-Dec-2025 00:01:43 Asia/Ho_Chi_Minh] PHP Warning:  Undefined array key "total_items" in C:\xampp\htdocs\web_du_lich\admin\qly_booking.php on line 356
[16-Dec-2025 00:01:43 Asia/Ho_Chi_Minh] PHP Warning:  Undefined array key "total_items" in C:\xampp\htdocs\web_du_lich\admin\qly_booking.php on line 356
[16-Dec-2025 00:01:43 Asia/Ho_Chi_Minh] PHP Warning:  Undefined array key "total_items" in C:\xampp\htdocs\web_du_lich\admin\qly_booking.php on line 356
[16-Dec-2025 00:01:43 Asia/Ho_Chi_Minh] PHP Warning:  Undefined array key "current_page" in C:\xampp\htdocs\web_du_lich\admin\qly_booking.php on line 370
[16-Dec-2025 00:01:46 Asia/Ho_Chi_Minh] PHP Warning:  Undefined array key "total_items" in C:\xampp\htdocs\web_du_lich\admin\qly_booking.php on line 356
[16-Dec-2025 00:01:46 Asia/Ho_Chi_Minh] PHP Warning:  Undefined array key "total_items" in C:\xampp\htdocs\web_du_lich\admin\qly_booking.php on line 356
[16-Dec-2025 00:01:46 Asia/Ho_Chi_Minh] PHP Warning:  Undefined array key "total_items" in C:\xampp\htdocs\web_du_lich\admin\qly_booking.php on line 356
[16-Dec-2025 00:01:49 Asia/Ho_Chi_Minh] PHP Warning:  Undefined array key "total_items" in C:\xampp\htdocs\web_du_lich\admin\qly_booking.php on line 356
[16-Dec-2025 00:01:49 Asia/Ho_Chi_Minh] PHP Warning:  Undefined array key "total_items" in C:\xampp\htdocs\web_du_lich\admin\qly_booking.php on line 356
[16-Dec-2025 00:01:49 Asia/Ho_Chi_Minh] PHP Warning:  Undefined array key "total_items" in C:\xampp\htdocs\web_du_lich\admin\qly_booking.php on line 356
[16-Dec-2025 00:01:49 Asia/Ho_Chi_Minh] PHP Warning:  Undefined array key "current_page" in C:\xampp\htdocs\web_du_lich\admin\qly_booking.php on line 370
[16-Dec-2025 00:07:14 Asia/Ho_Chi_Minh] PHP Warning:  Undefined array key "total_items" in C:\xampp\htdocs\web_du_lich\admin\qly_booking.php on line 356
[16-Dec-2025 00:07:14 Asia/Ho_Chi_Minh] PHP Warning:  Undefined array key "total_items" in C:\xampp\htdocs\web_du_lich\admin\qly_booking.php on line 356
[16-Dec-2025 00:07:14 Asia/Ho_Chi_Minh] PHP Warning:  Undefined array key "total_items" in C:\xampp\htdocs\web_du_lich\admin\qly_booking.php on line 356
[16-Dec-2025 00:07:14 Asia/Ho_Chi_Minh] PHP Warning:  Undefined array key "current_page" in C:\xampp\htdocs\web_du_lich\admin\qly_booking.php on line 370
[16-Dec-2025 00:15:48 Asia/Ho_Chi_Minh] PHP Warning:  Undefined array key "total_items" in C:\xampp\htdocs\web_du_lich\admin\qly_booking.php on line 356
[16-Dec-2025 00:15:48 Asia/Ho_Chi_Minh] PHP Warning:  Undefined array key "total_items" in C:\xampp\htdocs\web_du_lich\admin\qly_booking.php on line 356
[16-Dec-2025 00:15:48 Asia/Ho_Chi_Minh] PHP Warning:  Undefined array key "total_items" in C:\xampp\htdocs\web_du_lich\admin\qly_booking.php on line 356
[16-Dec-2025 00:15:48 Asia/Ho_Chi_Minh] PHP Warning:  Undefined array key "current_page" in C:\xampp\htdocs\web_du_lich\admin\qly_booking.php on line 370
[16-Dec-2025 00:15:51 Asia/Ho_Chi_Minh] PHP Warning:  Undefined array key "total_items" in C:\xampp\htdocs\web_du_lich\admin\qly_booking.php on line 356
[16-Dec-2025 00:15:51 Asia/Ho_Chi_Minh] PHP Warning:  Undefined array key "total_items" in C:\xampp\htdocs\web_du_lich\admin\qly_booking.php on line 356
[16-Dec-2025 00:15:51 Asia/Ho_Chi_Minh] PHP Warning:  Undefined array key "total_items" in C:\xampp\htdocs\web_du_lich\admin\qly_booking.php on line 356
[16-Dec-2025 00:15:51 Asia/Ho_Chi_Minh] PHP Warning:  Undefined array key "current_page" in C:\xampp\htdocs\web_du_lich\admin\qly_booking.php on line 370
[16-Dec-2025 00:15:55 Asia/Ho_Chi_Minh] PHP Warning:  Undefined array key "total_items" in C:\xampp\htdocs\web_du_lich\admin\qly_booking.php on line 356
[16-Dec-2025 00:15:55 Asia/Ho_Chi_Minh] PHP Warning:  Undefined array key "total_items" in C:\xampp\htdocs\web_du_lich\admin\qly_booking.php on line 356
[16-Dec-2025 00:15:55 Asia/Ho_Chi_Minh] PHP Warning:  Undefined array key "total_items" in C:\xampp\htdocs\web_du_lich\admin\qly_booking.php on line 356
[16-Dec-2025 00:15:55 Asia/Ho_Chi_Minh] PHP Warning:  Undefined array key "current_page" in C:\xampp\htdocs\web_du_lich\admin\qly_booking.php on line 370
[16-Dec-2025 00:16:02 Asia/Ho_Chi_Minh] PHP Warning:  Undefined array key "total_items" in C:\xampp\htdocs\web_du_lich\admin\qly_booking.php on line 356
[16-Dec-2025 00:16:02 Asia/Ho_Chi_Minh] PHP Warning:  Undefined array key "total_items" in C:\xampp\htdocs\web_du_lich\admin\qly_booking.php on line 356
[16-Dec-2025 00:16:02 Asia/Ho_Chi_Minh] PHP Warning:  Undefined array key "total_items" in C:\xampp\htdocs\web_du_lich\admin\qly_booking.php on line 356
[16-Dec-2025 00:16:02 Asia/Ho_Chi_Minh] PHP Warning:  Undefined array key "current_page" in C:\xampp\htdocs\web_du_lich\admin\qly_booking.php on line 370
[16-Dec-2025 00:21:48 Asia/Ho_Chi_Minh] PHP Warning:  Undefined array key "total_items" in C:\xampp\htdocs\web_du_lich\admin\qly_booking.php on line 356
[16-Dec-2025 00:21:48 Asia/Ho_Chi_Minh] PHP Warning:  Undefined array key "total_items" in C:\xampp\htdocs\web_du_lich\admin\qly_booking.php on line 356
[16-Dec-2025 00:21:48 Asia/Ho_Chi_Minh] PHP Warning:  Undefined array key "total_items" in C:\xampp\htdocs\web_du_lich\admin\qly_booking.php on line 356
[16-Dec-2025 00:21:48 Asia/Ho_Chi_Minh] PHP Warning:  Undefined array key "current_page" in C:\xampp\htdocs\web_du_lich\admin\qly_booking.php on line 370
[16-Dec-2025 00:28:45 Asia/Ho_Chi_Minh] PHP Warning:  Undefined array key "total_items" in C:\xampp\htdocs\web_du_lich\admin\qly_booking.php on line 356
[16-Dec-2025 00:28:45 Asia/Ho_Chi_Minh] PHP Warning:  Undefined array key "total_items" in C:\xampp\htdocs\web_du_lich\admin\qly_booking.php on line 356
[16-Dec-2025 00:28:45 Asia/Ho_Chi_Minh] PHP Warning:  Undefined array key "total_items" in C:\xampp\htdocs\web_du_lich\admin\qly_booking.php on line 356
[16-Dec-2025 00:28:45 Asia/Ho_Chi_Minh] PHP Warning:  Undefined array key "current_page" in C:\xampp\htdocs\web_du_lich\admin\qly_booking.php on line 370
[16-Dec-2025 00:34:03 Asia/Ho_Chi_Minh] PHP Warning:  Undefined array key "total_items" in C:\xampp\htdocs\web_du_lich\admin\qly_booking.php on line 332
[16-Dec-2025 00:34:03 Asia/Ho_Chi_Minh] PHP Warning:  Undefined array key "total_items" in C:\xampp\htdocs\web_du_lich\admin\qly_booking.php on line 332
[16-Dec-2025 00:34:03 Asia/Ho_Chi_Minh] PHP Warning:  Undefined array key "total_items" in C:\xampp\htdocs\web_du_lich\admin\qly_booking.php on line 332
[16-Dec-2025 00:34:03 Asia/Ho_Chi_Minh] PHP Warning:  Undefined array key "current_page" in C:\xampp\htdocs\web_du_lich\admin\qly_booking.php on line 346
[16-Dec-2025 00:34:05 Asia/Ho_Chi_Minh] PHP Warning:  Undefined array key "total_items" in C:\xampp\htdocs\web_du_lich\admin\qly_booking.php on line 332
[16-Dec-2025 00:34:05 Asia/Ho_Chi_Minh] PHP Warning:  Undefined array key "total_items" in C:\xampp\htdocs\web_du_lich\admin\qly_booking.php on line 332
[16-Dec-2025 00:34:05 Asia/Ho_Chi_Minh] PHP Warning:  Undefined array key "total_items" in C:\xampp\htdocs\web_du_lich\admin\qly_booking.php on line 332
[16-Dec-2025 00:34:05 Asia/Ho_Chi_Minh] PHP Warning:  Undefined array key "current_page" in C:\xampp\htdocs\web_du_lich\admin\qly_booking.php on line 346
[16-Dec-2025 00:34:27 Asia/Ho_Chi_Minh] PHP Warning:  Undefined array key "total_items" in C:\xampp\htdocs\web_du_lich\admin\qly_booking.php on line 332
[16-Dec-2025 00:34:27 Asia/Ho_Chi_Minh] PHP Warning:  Undefined array key "total_items" in C:\xampp\htdocs\web_du_lich\admin\qly_booking.php on line 332
[16-Dec-2025 00:34:27 Asia/Ho_Chi_Minh] PHP Warning:  Undefined array key "total_items" in C:\xampp\htdocs\web_du_lich\admin\qly_booking.php on line 332
[16-Dec-2025 00:34:27 Asia/Ho_Chi_Minh] PHP Warning:  Undefined array key "current_page" in C:\xampp\htdocs\web_du_lich\admin\qly_booking.php on line 346
[16-Dec-2025 00:34:33 Asia/Ho_Chi_Minh] PHP Warning:  Undefined array key "total_items" in C:\xampp\htdocs\web_du_lich\admin\qly_booking.php on line 332
[16-Dec-2025 00:34:33 Asia/Ho_Chi_Minh] PHP Warning:  Undefined array key "total_items" in C:\xampp\htdocs\web_du_lich\admin\qly_booking.php on line 332
[16-Dec-2025 00:34:33 Asia/Ho_Chi_Minh] PHP Warning:  Undefined array key "total_items" in C:\xampp\htdocs\web_du_lich\admin\qly_booking.php on line 332
[16-Dec-2025 00:34:33 Asia/Ho_Chi_Minh] PHP Warning:  Undefined array key "current_page" in C:\xampp\htdocs\web_du_lich\admin\qly_booking.php on line 346
[16-Dec-2025 00:36:28 Asia/Ho_Chi_Minh] PHP Warning:  Undefined array key "total_items" in C:\xampp\htdocs\web_du_lich\admin\qly_booking.php on line 332
[16-Dec-2025 00:36:28 Asia/Ho_Chi_Minh] PHP Warning:  Undefined array key "total_items" in C:\xampp\htdocs\web_du_lich\admin\qly_booking.php on line 332
[16-Dec-2025 00:36:28 Asia/Ho_Chi_Minh] PHP Warning:  Undefined array key "total_items" in C:\xampp\htdocs\web_du_lich\admin\qly_booking.php on line 332
[16-Dec-2025 00:36:28 Asia/Ho_Chi_Minh] PHP Warning:  Undefined array key "current_page" in C:\xampp\htdocs\web_du_lich\admin\qly_booking.php on line 346
[16-Dec-2025 00:36:30 Asia/Ho_Chi_Minh] PHP Warning:  Undefined array key "total_items" in C:\xampp\htdocs\web_du_lich\admin\qly_booking.php on line 332
[16-Dec-2025 00:36:30 Asia/Ho_Chi_Minh] PHP Warning:  Undefined array key "total_items" in C:\xampp\htdocs\web_du_lich\admin\qly_booking.php on line 332
[16-Dec-2025 00:36:30 Asia/Ho_Chi_Minh] PHP Warning:  Undefined array key "total_items" in C:\xampp\htdocs\web_du_lich\admin\qly_booking.php on line 332
[16-Dec-2025 00:36:30 Asia/Ho_Chi_Minh] PHP Warning:  Undefined array key "current_page" in C:\xampp\htdocs\web_du_lich\admin\qly_booking.php on line 346
[16-Dec-2025 00:36:35 Asia/Ho_Chi_Minh] PHP Warning:  Undefined array key "total_items" in C:\xampp\htdocs\web_du_lich\admin\qly_booking.php on line 332
[16-Dec-2025 00:36:35 Asia/Ho_Chi_Minh] PHP Warning:  Undefined array key "total_items" in C:\xampp\htdocs\web_du_lich\admin\qly_booking.php on line 332
[16-Dec-2025 00:36:35 Asia/Ho_Chi_Minh] PHP Warning:  Undefined array key "total_items" in C:\xampp\htdocs\web_du_lich\admin\qly_booking.php on line 332
[16-Dec-2025 00:36:35 Asia/Ho_Chi_Minh] PHP Warning:  Undefined array key "current_page" in C:\xampp\htdocs\web_du_lich\admin\qly_booking.php on line 346
